{"/Users/feixu/Desktop/CMU-STUDY/CMU_courses/18652_FSE/SE_project/SEproject/S16-SV7-SSNoC/models/Citizen.js":{"path":"/Users/feixu/Desktop/CMU-STUDY/CMU_courses/18652_FSE/SE_project/SEproject/S16-SV7-SSNoC/models/Citizen.js","s":{"1":1,"2":1,"3":1,"4":24,"5":24,"6":24,"7":24,"8":1,"9":1,"10":1,"11":1,"12":1,"13":1,"14":23,"15":23,"16":23,"17":23,"18":23,"19":23,"20":1,"21":13,"22":1,"23":20,"24":1,"25":6,"26":1,"27":21,"28":1,"29":4,"30":3,"31":1,"32":1,"33":2,"34":2,"35":2,"36":2,"37":2,"38":1,"39":2,"40":1,"41":1,"42":1,"43":1,"44":1,"45":1,"46":1,"47":1,"48":2,"49":1,"50":1,"51":1,"52":1,"53":1,"54":1,"55":1,"56":1,"57":1,"58":2,"59":1,"60":1,"61":1,"62":1,"63":1,"64":1,"65":1,"66":1,"67":1,"68":6,"69":1,"70":3,"71":3,"72":1,"73":5,"74":5,"75":5,"76":1,"77":1,"78":1,"79":1,"80":1,"81":1,"82":0,"83":0,"84":0,"85":0,"86":1},"b":{"1":[1,23],"2":[3,1],"3":[1,1],"4":[1,1],"5":[2,1],"6":[1,1],"7":[2,1],"8":[0,1]},"f":{"1":24,"2":13,"3":20,"4":6,"5":21,"6":4,"7":2,"8":2,"9":1,"10":2,"11":2,"12":6,"13":3,"14":5,"15":1,"16":1,"17":0,"18":0},"fnMap":{"1":{"name":"(anonymous_1)","line":21,"loc":{"start":{"line":21,"column":14},"end":{"line":21,"column":30}}},"2":{"name":"(anonymous_2)","line":60,"loc":{"start":{"line":60,"column":25},"end":{"line":60,"column":35}}},"3":{"name":"(anonymous_3)","line":67,"loc":{"start":{"line":67,"column":32},"end":{"line":67,"column":46}}},"4":{"name":"(anonymous_4)","line":74,"loc":{"start":{"line":74,"column":32},"end":{"line":74,"column":46}}},"5":{"name":"(anonymous_5)","line":79,"loc":{"start":{"line":79,"column":28},"end":{"line":79,"column":39}}},"6":{"name":"(anonymous_6)","line":85,"loc":{"start":{"line":85,"column":35},"end":{"line":85,"column":53}}},"7":{"name":"(anonymous_7)","line":93,"loc":{"start":{"line":93,"column":33},"end":{"line":93,"column":49}}},"8":{"name":"(anonymous_8)","line":102,"loc":{"start":{"line":102,"column":34},"end":{"line":102,"column":52}}},"9":{"name":"(anonymous_9)","line":110,"loc":{"start":{"line":110,"column":34},"end":{"line":110,"column":48}}},"10":{"name":"(anonymous_10)","line":118,"loc":{"start":{"line":118,"column":31},"end":{"line":118,"column":52}}},"11":{"name":"(anonymous_11)","line":133,"loc":{"start":{"line":133,"column":30},"end":{"line":133,"column":51}}},"12":{"name":"(anonymous_12)","line":148,"loc":{"start":{"line":148,"column":23},"end":{"line":148,"column":33}}},"13":{"name":"(anonymous_13)","line":152,"loc":{"start":{"line":152,"column":29},"end":{"line":152,"column":50}}},"14":{"name":"(anonymous_14)","line":157,"loc":{"start":{"line":157,"column":33},"end":{"line":157,"column":54}}},"15":{"name":"(anonymous_15)","line":166,"loc":{"start":{"line":166,"column":13},"end":{"line":166,"column":26}}},"16":{"name":"(anonymous_16)","line":169,"loc":{"start":{"line":169,"column":3},"end":{"line":169,"column":13}}},"17":{"name":"(anonymous_17)","line":172,"loc":{"start":{"line":172,"column":15},"end":{"line":172,"column":29}}},"18":{"name":"(anonymous_18)","line":175,"loc":{"start":{"line":175,"column":5},"end":{"line":175,"column":15}}}},"statementMap":{"1":{"start":{"line":9,"column":0},"end":{"line":9,"column":30}},"2":{"start":{"line":11,"column":0},"end":{"line":11,"column":36}},"3":{"start":{"line":21,"column":0},"end":{"line":57,"column":2}},"4":{"start":{"line":22,"column":1},"end":{"line":22,"column":31}},"5":{"start":{"line":23,"column":1},"end":{"line":23,"column":31}},"6":{"start":{"line":24,"column":1},"end":{"line":24,"column":27}},"7":{"start":{"line":25,"column":1},"end":{"line":56,"column":2}},"8":{"start":{"line":26,"column":2},"end":{"line":26,"column":36}},"9":{"start":{"line":27,"column":2},"end":{"line":27,"column":34}},"10":{"start":{"line":28,"column":2},"end":{"line":33,"column":4}},"11":{"start":{"line":34,"column":2},"end":{"line":34,"column":34}},"12":{"start":{"line":35,"column":2},"end":{"line":35,"column":42}},"13":{"start":{"line":36,"column":2},"end":{"line":39,"column":4}},"14":{"start":{"line":42,"column":2},"end":{"line":42,"column":32}},"15":{"start":{"line":43,"column":2},"end":{"line":43,"column":22}},"16":{"start":{"line":44,"column":2},"end":{"line":49,"column":4}},"17":{"start":{"line":50,"column":2},"end":{"line":50,"column":29}},"18":{"start":{"line":51,"column":2},"end":{"line":51,"column":32}},"19":{"start":{"line":52,"column":2},"end":{"line":55,"column":4}},"20":{"start":{"line":60,"column":0},"end":{"line":62,"column":2}},"21":{"start":{"line":61,"column":1},"end":{"line":61,"column":19}},"22":{"start":{"line":67,"column":0},"end":{"line":69,"column":2}},"23":{"start":{"line":68,"column":1},"end":{"line":68,"column":31}},"24":{"start":{"line":74,"column":0},"end":{"line":76,"column":2}},"25":{"start":{"line":75,"column":1},"end":{"line":75,"column":31}},"26":{"start":{"line":79,"column":0},"end":{"line":82,"column":2}},"27":{"start":{"line":80,"column":1},"end":{"line":80,"column":13}},"28":{"start":{"line":85,"column":0},"end":{"line":90,"column":2}},"29":{"start":{"line":86,"column":1},"end":{"line":89,"column":28}},"30":{"start":{"line":87,"column":2},"end":{"line":87,"column":27}},"31":{"start":{"line":89,"column":2},"end":{"line":89,"column":28}},"32":{"start":{"line":93,"column":0},"end":{"line":99,"column":2}},"33":{"start":{"line":94,"column":1},"end":{"line":94,"column":37}},"34":{"start":{"line":95,"column":1},"end":{"line":95,"column":35}},"35":{"start":{"line":96,"column":1},"end":{"line":96,"column":33}},"36":{"start":{"line":97,"column":1},"end":{"line":97,"column":29}},"37":{"start":{"line":98,"column":1},"end":{"line":98,"column":23}},"38":{"start":{"line":102,"column":0},"end":{"line":107,"column":2}},"39":{"start":{"line":103,"column":1},"end":{"line":106,"column":34}},"40":{"start":{"line":104,"column":2},"end":{"line":104,"column":32}},"41":{"start":{"line":106,"column":2},"end":{"line":106,"column":34}},"42":{"start":{"line":110,"column":0},"end":{"line":115,"column":2}},"43":{"start":{"line":111,"column":1},"end":{"line":111,"column":31}},"44":{"start":{"line":112,"column":1},"end":{"line":112,"column":31}},"45":{"start":{"line":113,"column":1},"end":{"line":113,"column":33}},"46":{"start":{"line":114,"column":1},"end":{"line":114,"column":24}},"47":{"start":{"line":118,"column":0},"end":{"line":130,"column":2}},"48":{"start":{"line":119,"column":1},"end":{"line":129,"column":2}},"49":{"start":{"line":120,"column":2},"end":{"line":120,"column":15}},"50":{"start":{"line":122,"column":2},"end":{"line":122,"column":35}},"51":{"start":{"line":123,"column":2},"end":{"line":123,"column":37}},"52":{"start":{"line":124,"column":2},"end":{"line":124,"column":37}},"53":{"start":{"line":125,"column":2},"end":{"line":125,"column":39}},"54":{"start":{"line":126,"column":2},"end":{"line":126,"column":70}},"55":{"start":{"line":127,"column":2},"end":{"line":127,"column":59}},"56":{"start":{"line":128,"column":2},"end":{"line":128,"column":14}},"57":{"start":{"line":133,"column":0},"end":{"line":145,"column":2}},"58":{"start":{"line":134,"column":1},"end":{"line":144,"column":2}},"59":{"start":{"line":135,"column":2},"end":{"line":135,"column":15}},"60":{"start":{"line":137,"column":2},"end":{"line":137,"column":35}},"61":{"start":{"line":138,"column":2},"end":{"line":138,"column":37}},"62":{"start":{"line":139,"column":2},"end":{"line":139,"column":37}},"63":{"start":{"line":140,"column":2},"end":{"line":140,"column":39}},"64":{"start":{"line":141,"column":2},"end":{"line":141,"column":70}},"65":{"start":{"line":142,"column":2},"end":{"line":142,"column":59}},"66":{"start":{"line":143,"column":2},"end":{"line":143,"column":14}},"67":{"start":{"line":148,"column":0},"end":{"line":150,"column":2}},"68":{"start":{"line":149,"column":1},"end":{"line":149,"column":64}},"69":{"start":{"line":152,"column":0},"end":{"line":155,"column":2}},"70":{"start":{"line":153,"column":1},"end":{"line":153,"column":27}},"71":{"start":{"line":154,"column":1},"end":{"line":154,"column":29}},"72":{"start":{"line":157,"column":0},"end":{"line":161,"column":2}},"73":{"start":{"line":158,"column":1},"end":{"line":158,"column":33}},"74":{"start":{"line":159,"column":1},"end":{"line":159,"column":35}},"75":{"start":{"line":160,"column":1},"end":{"line":160,"column":69}},"76":{"start":{"line":163,"column":0},"end":{"line":163,"column":24}},"77":{"start":{"line":164,"column":0},"end":{"line":164,"column":25}},"78":{"start":{"line":166,"column":0},"end":{"line":177,"column":3}},"79":{"start":{"line":167,"column":1},"end":{"line":167,"column":31}},"80":{"start":{"line":168,"column":1},"end":{"line":168,"column":33}},"81":{"start":{"line":170,"column":1},"end":{"line":176,"column":2}},"82":{"start":{"line":171,"column":2},"end":{"line":171,"column":18}},"83":{"start":{"line":172,"column":2},"end":{"line":175,"column":19}},"84":{"start":{"line":173,"column":3},"end":{"line":173,"column":33}},"85":{"start":{"line":174,"column":3},"end":{"line":174,"column":35}},"86":{"start":{"line":179,"column":0},"end":{"line":179,"column":25}}},"branchMap":{"1":{"line":25,"type":"if","locations":[{"start":{"line":25,"column":1},"end":{"line":25,"column":1}},{"start":{"line":25,"column":1},"end":{"line":25,"column":1}}]},"2":{"line":86,"type":"if","locations":[{"start":{"line":86,"column":1},"end":{"line":86,"column":1}},{"start":{"line":86,"column":1},"end":{"line":86,"column":1}}]},"3":{"line":103,"type":"if","locations":[{"start":{"line":103,"column":1},"end":{"line":103,"column":1}},{"start":{"line":103,"column":1},"end":{"line":103,"column":1}}]},"4":{"line":119,"type":"if","locations":[{"start":{"line":119,"column":1},"end":{"line":119,"column":1}},{"start":{"line":119,"column":1},"end":{"line":119,"column":1}}]},"5":{"line":119,"type":"binary-expr","locations":[{"start":{"line":119,"column":5},"end":{"line":119,"column":42}},{"start":{"line":119,"column":46},"end":{"line":119,"column":85}}]},"6":{"line":134,"type":"if","locations":[{"start":{"line":134,"column":1},"end":{"line":134,"column":1}},{"start":{"line":134,"column":1},"end":{"line":134,"column":1}}]},"7":{"line":134,"type":"binary-expr","locations":[{"start":{"line":134,"column":5},"end":{"line":134,"column":44}},{"start":{"line":134,"column":48},"end":{"line":134,"column":89}}]},"8":{"line":170,"type":"if","locations":[{"start":{"line":170,"column":1},"end":{"line":170,"column":1}},{"start":{"line":170,"column":1},"end":{"line":170,"column":1}}]}}},"/Users/feixu/Desktop/CMU-STUDY/CMU_courses/18652_FSE/SE_project/SEproject/S16-SV7-SSNoC/models/Directory.js":{"path":"/Users/feixu/Desktop/CMU-STUDY/CMU_courses/18652_FSE/SE_project/SEproject/S16-SV7-SSNoC/models/Directory.js","s":{"1":1,"2":1,"3":1,"4":1,"5":1,"6":1,"7":1,"8":1,"9":0,"10":0,"11":1,"12":10,"13":16,"14":5,"15":5,"16":5,"17":1,"18":2,"19":2,"20":3,"21":2,"22":1,"23":4,"24":1,"25":2,"26":2,"27":1,"28":5,"29":1,"30":1,"31":1,"32":1,"33":1,"34":1,"35":1,"36":1,"37":1,"38":1,"39":1,"40":1,"41":1},"b":{"1":[5,11],"2":[1,0],"3":[1,0]},"f":{"1":1,"2":1,"3":0,"4":10,"5":2,"6":3,"7":4,"8":2,"9":5,"10":1,"11":1},"fnMap":{"1":{"name":"(anonymous_1)","line":15,"loc":{"start":{"line":15,"column":16},"end":{"line":15,"column":26}}},"2":{"name":"(anonymous_2)","line":20,"loc":{"start":{"line":20,"column":27},"end":{"line":20,"column":45}}},"3":{"name":"(anonymous_3)","line":22,"loc":{"start":{"line":22,"column":15},"end":{"line":22,"column":28}}},"4":{"name":"(anonymous_4)","line":31,"loc":{"start":{"line":31,"column":31},"end":{"line":31,"column":49}}},"5":{"name":"(anonymous_5)","line":42,"loc":{"start":{"line":42,"column":30},"end":{"line":42,"column":40}}},"6":{"name":"(anonymous_6)","line":44,"loc":{"start":{"line":44,"column":20},"end":{"line":44,"column":34}}},"7":{"name":"(anonymous_7)","line":51,"loc":{"start":{"line":51,"column":26},"end":{"line":51,"column":41}}},"8":{"name":"(anonymous_8)","line":56,"loc":{"start":{"line":56,"column":38},"end":{"line":56,"column":48}}},"9":{"name":"(anonymous_9)","line":62,"loc":{"start":{"line":62,"column":40},"end":{"line":62,"column":54}}},"10":{"name":"(anonymous_10)","line":71,"loc":{"start":{"line":71,"column":16},"end":{"line":71,"column":26}}},"11":{"name":"(anonymous_11)","line":72,"loc":{"start":{"line":72,"column":33},"end":{"line":72,"column":49}}}},"statementMap":{"1":{"start":{"line":9,"column":0},"end":{"line":9,"column":30}},"2":{"start":{"line":10,"column":0},"end":{"line":10,"column":36}},"3":{"start":{"line":11,"column":0},"end":{"line":11,"column":46}},"4":{"start":{"line":15,"column":0},"end":{"line":17,"column":2}},"5":{"start":{"line":16,"column":1},"end":{"line":16,"column":17}},"6":{"start":{"line":20,"column":0},"end":{"line":26,"column":2}},"7":{"start":{"line":21,"column":1},"end":{"line":21,"column":17}},"8":{"start":{"line":22,"column":1},"end":{"line":25,"column":14}},"9":{"start":{"line":23,"column":2},"end":{"line":23,"column":33}},"10":{"start":{"line":24,"column":2},"end":{"line":24,"column":25}},"11":{"start":{"line":31,"column":0},"end":{"line":39,"column":2}},"12":{"start":{"line":32,"column":1},"end":{"line":37,"column":2}},"13":{"start":{"line":33,"column":2},"end":{"line":36,"column":3}},"14":{"start":{"line":34,"column":3},"end":{"line":34,"column":21}},"15":{"start":{"line":35,"column":3},"end":{"line":35,"column":10}},"16":{"start":{"line":38,"column":4},"end":{"line":38,"column":14}},"17":{"start":{"line":42,"column":0},"end":{"line":48,"column":2}},"18":{"start":{"line":43,"column":1},"end":{"line":43,"column":15}},"19":{"start":{"line":44,"column":1},"end":{"line":46,"column":4}},"20":{"start":{"line":45,"column":2},"end":{"line":45,"column":28}},"21":{"start":{"line":47,"column":1},"end":{"line":47,"column":13}},"22":{"start":{"line":51,"column":0},"end":{"line":53,"column":2}},"23":{"start":{"line":52,"column":1},"end":{"line":52,"column":23}},"24":{"start":{"line":56,"column":0},"end":{"line":59,"column":2}},"25":{"start":{"line":57,"column":4},"end":{"line":57,"column":19}},"26":{"start":{"line":58,"column":4},"end":{"line":58,"column":20}},"27":{"start":{"line":62,"column":0},"end":{"line":64,"column":2}},"28":{"start":{"line":63,"column":1},"end":{"line":63,"column":43}},"29":{"start":{"line":68,"column":0},"end":{"line":68,"column":14}},"30":{"start":{"line":69,"column":0},"end":{"line":86,"column":1}},"31":{"start":{"line":70,"column":1},"end":{"line":70,"column":29}},"32":{"start":{"line":71,"column":1},"end":{"line":84,"column":4}},"33":{"start":{"line":72,"column":2},"end":{"line":83,"column":5}},"34":{"start":{"line":73,"column":3},"end":{"line":82,"column":4}},"35":{"start":{"line":74,"column":4},"end":{"line":77,"column":7}},"36":{"start":{"line":78,"column":4},"end":{"line":78,"column":28}},"37":{"start":{"line":79,"column":4},"end":{"line":79,"column":38}},"38":{"start":{"line":80,"column":4},"end":{"line":80,"column":25}},"39":{"start":{"line":81,"column":4},"end":{"line":81,"column":17}},"40":{"start":{"line":88,"column":0},"end":{"line":88,"column":27}},"41":{"start":{"line":90,"column":0},"end":{"line":686,"column":2}}},"branchMap":{"1":{"line":33,"type":"if","locations":[{"start":{"line":33,"column":2},"end":{"line":33,"column":2}},{"start":{"line":33,"column":2},"end":{"line":33,"column":2}}]},"2":{"line":69,"type":"if","locations":[{"start":{"line":69,"column":0},"end":{"line":69,"column":0}},{"start":{"line":69,"column":0},"end":{"line":69,"column":0}}]},"3":{"line":73,"type":"if","locations":[{"start":{"line":73,"column":3},"end":{"line":73,"column":3}},{"start":{"line":73,"column":3},"end":{"line":73,"column":3}}]}}},"/Users/feixu/Desktop/CMU-STUDY/CMU_courses/18652_FSE/SE_project/SEproject/S16-SV7-SSNoC/models/Messages.js":{"path":"/Users/feixu/Desktop/CMU-STUDY/CMU_courses/18652_FSE/SE_project/SEproject/S16-SV7-SSNoC/models/Messages.js","s":{"1":1,"2":1,"3":16,"4":6,"5":6,"6":6,"7":6,"8":6,"9":6,"10":2,"11":4,"12":6,"13":2,"14":4,"15":10,"16":5,"17":5,"18":5,"19":5,"20":5,"21":5,"22":0,"23":5,"24":5,"25":5,"26":5,"27":5,"28":5,"29":5,"30":5,"31":5,"32":5,"33":1,"34":5,"35":1,"36":4,"37":1,"38":3,"39":3,"40":1,"41":5,"42":1,"43":1,"44":4,"45":1,"46":1,"47":3,"48":3,"49":3,"50":1,"51":1,"52":1,"53":1,"54":1,"55":1,"56":1,"57":1,"58":1,"59":1,"60":1,"61":2,"62":1,"63":2,"64":1,"65":2,"66":1},"b":{"1":[6,10],"2":[2,4],"3":[2,4],"4":[5,5],"5":[0,5],"6":[5,0],"7":[1,4],"8":[1,3],"9":[3,0],"10":[1,4],"11":[1,3],"12":[3,0]},"f":{"1":16,"2":5,"3":5,"4":1,"5":1,"6":3,"7":1,"8":1,"9":1,"10":1,"11":1,"12":2,"13":2,"14":2},"fnMap":{"1":{"name":"(anonymous_1)","line":7,"loc":{"start":{"line":7,"column":15},"end":{"line":7,"column":30}}},"2":{"name":"(anonymous_2)","line":52,"loc":{"start":{"line":52,"column":26},"end":{"line":52,"column":36}}},"3":{"name":"(anonymous_3)","line":64,"loc":{"start":{"line":64,"column":22},"end":{"line":64,"column":44}}},"4":{"name":"(anonymous_4)","line":66,"loc":{"start":{"line":66,"column":25},"end":{"line":66,"column":42}}},"5":{"name":"(anonymous_5)","line":71,"loc":{"start":{"line":71,"column":42},"end":{"line":71,"column":59}}},"6":{"name":"(anonymous_6)","line":77,"loc":{"start":{"line":77,"column":30},"end":{"line":77,"column":47}}},"7":{"name":"(anonymous_7)","line":84,"loc":{"start":{"line":84,"column":33},"end":{"line":84,"column":43}}},"8":{"name":"(anonymous_8)","line":89,"loc":{"start":{"line":89,"column":33},"end":{"line":89,"column":48}}},"9":{"name":"(anonymous_9)","line":93,"loc":{"start":{"line":93,"column":36},"end":{"line":93,"column":54}}},"10":{"name":"(anonymous_10)","line":97,"loc":{"start":{"line":97,"column":38},"end":{"line":97,"column":58}}},"11":{"name":"(anonymous_11)","line":101,"loc":{"start":{"line":101,"column":37},"end":{"line":101,"column":56}}},"12":{"name":"(anonymous_12)","line":105,"loc":{"start":{"line":105,"column":35},"end":{"line":105,"column":52}}},"13":{"name":"(anonymous_13)","line":109,"loc":{"start":{"line":109,"column":37},"end":{"line":109,"column":56}}},"14":{"name":"(anonymous_14)","line":113,"loc":{"start":{"line":113,"column":36},"end":{"line":113,"column":54}}}},"statementMap":{"1":{"start":{"line":5,"column":0},"end":{"line":5,"column":36}},"2":{"start":{"line":7,"column":0},"end":{"line":50,"column":2}},"3":{"start":{"line":9,"column":4},"end":{"line":49,"column":5}},"4":{"start":{"line":10,"column":8},"end":{"line":10,"column":30}},"5":{"start":{"line":11,"column":8},"end":{"line":11,"column":36}},"6":{"start":{"line":12,"column":8},"end":{"line":12,"column":40}},"7":{"start":{"line":13,"column":8},"end":{"line":13,"column":38}},"8":{"start":{"line":14,"column":8},"end":{"line":14,"column":34}},"9":{"start":{"line":15,"column":8},"end":{"line":19,"column":9}},"10":{"start":{"line":16,"column":12},"end":{"line":16,"column":46}},"11":{"start":{"line":18,"column":12},"end":{"line":18,"column":31}},"12":{"start":{"line":20,"column":8},"end":{"line":24,"column":9}},"13":{"start":{"line":21,"column":12},"end":{"line":21,"column":41}},"14":{"start":{"line":23,"column":12},"end":{"line":23,"column":31}},"15":{"start":{"line":27,"column":9},"end":{"line":49,"column":5}},"16":{"start":{"line":28,"column":8},"end":{"line":28,"column":30}},"17":{"start":{"line":29,"column":8},"end":{"line":29,"column":36}},"18":{"start":{"line":30,"column":8},"end":{"line":30,"column":40}},"19":{"start":{"line":31,"column":8},"end":{"line":31,"column":38}},"20":{"start":{"line":32,"column":8},"end":{"line":32,"column":34}},"21":{"start":{"line":33,"column":8},"end":{"line":37,"column":9}},"22":{"start":{"line":34,"column":12},"end":{"line":34,"column":42}},"23":{"start":{"line":36,"column":12},"end":{"line":36,"column":31}},"24":{"start":{"line":38,"column":8},"end":{"line":38,"column":38}},"25":{"start":{"line":41,"column":9},"end":{"line":49,"column":5}},"26":{"start":{"line":42,"column":8},"end":{"line":42,"column":30}},"27":{"start":{"line":43,"column":8},"end":{"line":43,"column":36}},"28":{"start":{"line":44,"column":8},"end":{"line":44,"column":40}},"29":{"start":{"line":45,"column":8},"end":{"line":45,"column":38}},"30":{"start":{"line":46,"column":8},"end":{"line":46,"column":34}},"31":{"start":{"line":47,"column":8},"end":{"line":47,"column":38}},"32":{"start":{"line":48,"column":8},"end":{"line":48,"column":36}},"33":{"start":{"line":52,"column":0},"end":{"line":62,"column":2}},"34":{"start":{"line":53,"column":4},"end":{"line":61,"column":5}},"35":{"start":{"line":54,"column":8},"end":{"line":54,"column":99}},"36":{"start":{"line":56,"column":9},"end":{"line":61,"column":5}},"37":{"start":{"line":57,"column":8},"end":{"line":57,"column":115}},"38":{"start":{"line":59,"column":9},"end":{"line":61,"column":5}},"39":{"start":{"line":60,"column":8},"end":{"line":60,"column":88}},"40":{"start":{"line":64,"column":0},"end":{"line":82,"column":2}},"41":{"start":{"line":65,"column":4},"end":{"line":80,"column":5}},"42":{"start":{"line":66,"column":8},"end":{"line":68,"column":11}},"43":{"start":{"line":67,"column":12},"end":{"line":67,"column":28}},"44":{"start":{"line":70,"column":9},"end":{"line":80,"column":5}},"45":{"start":{"line":71,"column":8},"end":{"line":73,"column":11}},"46":{"start":{"line":72,"column":12},"end":{"line":72,"column":28}},"47":{"start":{"line":76,"column":9},"end":{"line":80,"column":5}},"48":{"start":{"line":77,"column":8},"end":{"line":79,"column":11}},"49":{"start":{"line":78,"column":12},"end":{"line":78,"column":28}},"50":{"start":{"line":84,"column":0},"end":{"line":86,"column":2}},"51":{"start":{"line":85,"column":4},"end":{"line":85,"column":19}},"52":{"start":{"line":89,"column":0},"end":{"line":91,"column":2}},"53":{"start":{"line":90,"column":4},"end":{"line":90,"column":30}},"54":{"start":{"line":93,"column":0},"end":{"line":95,"column":2}},"55":{"start":{"line":94,"column":4},"end":{"line":94,"column":36}},"56":{"start":{"line":97,"column":0},"end":{"line":99,"column":2}},"57":{"start":{"line":98,"column":4},"end":{"line":98,"column":40}},"58":{"start":{"line":101,"column":0},"end":{"line":103,"column":2}},"59":{"start":{"line":102,"column":4},"end":{"line":102,"column":38}},"60":{"start":{"line":105,"column":0},"end":{"line":107,"column":2}},"61":{"start":{"line":106,"column":4},"end":{"line":106,"column":34}},"62":{"start":{"line":109,"column":0},"end":{"line":111,"column":2}},"63":{"start":{"line":110,"column":4},"end":{"line":110,"column":38}},"64":{"start":{"line":113,"column":0},"end":{"line":115,"column":2}},"65":{"start":{"line":114,"column":4},"end":{"line":114,"column":38}},"66":{"start":{"line":117,"column":0},"end":{"line":117,"column":26}}},"branchMap":{"1":{"line":9,"type":"if","locations":[{"start":{"line":9,"column":4},"end":{"line":9,"column":4}},{"start":{"line":9,"column":4},"end":{"line":9,"column":4}}]},"2":{"line":15,"type":"if","locations":[{"start":{"line":15,"column":8},"end":{"line":15,"column":8}},{"start":{"line":15,"column":8},"end":{"line":15,"column":8}}]},"3":{"line":20,"type":"if","locations":[{"start":{"line":20,"column":8},"end":{"line":20,"column":8}},{"start":{"line":20,"column":8},"end":{"line":20,"column":8}}]},"4":{"line":27,"type":"if","locations":[{"start":{"line":27,"column":9},"end":{"line":27,"column":9}},{"start":{"line":27,"column":9},"end":{"line":27,"column":9}}]},"5":{"line":33,"type":"if","locations":[{"start":{"line":33,"column":8},"end":{"line":33,"column":8}},{"start":{"line":33,"column":8},"end":{"line":33,"column":8}}]},"6":{"line":41,"type":"if","locations":[{"start":{"line":41,"column":9},"end":{"line":41,"column":9}},{"start":{"line":41,"column":9},"end":{"line":41,"column":9}}]},"7":{"line":53,"type":"if","locations":[{"start":{"line":53,"column":4},"end":{"line":53,"column":4}},{"start":{"line":53,"column":4},"end":{"line":53,"column":4}}]},"8":{"line":56,"type":"if","locations":[{"start":{"line":56,"column":9},"end":{"line":56,"column":9}},{"start":{"line":56,"column":9},"end":{"line":56,"column":9}}]},"9":{"line":59,"type":"if","locations":[{"start":{"line":59,"column":9},"end":{"line":59,"column":9}},{"start":{"line":59,"column":9},"end":{"line":59,"column":9}}]},"10":{"line":65,"type":"if","locations":[{"start":{"line":65,"column":4},"end":{"line":65,"column":4}},{"start":{"line":65,"column":4},"end":{"line":65,"column":4}}]},"11":{"line":70,"type":"if","locations":[{"start":{"line":70,"column":9},"end":{"line":70,"column":9}},{"start":{"line":70,"column":9},"end":{"line":70,"column":9}}]},"12":{"line":76,"type":"if","locations":[{"start":{"line":76,"column":9},"end":{"line":76,"column":9}},{"start":{"line":76,"column":9},"end":{"line":76,"column":9}}]}}}}