TN:
SF:/Users/feixu/Desktop/CMU-STUDY/CMU_courses/18652_FSE/SE_project/SEproject/S16-SV7-SSNoC/models/Citizen.js
FN:21,(anonymous_1)
FN:60,(anonymous_2)
FN:67,(anonymous_3)
FN:74,(anonymous_4)
FN:79,(anonymous_5)
FN:85,(anonymous_6)
FN:93,(anonymous_7)
FN:102,(anonymous_8)
FN:110,(anonymous_9)
FN:118,(anonymous_10)
FN:133,(anonymous_11)
FN:148,(anonymous_12)
FN:152,(anonymous_13)
FN:157,(anonymous_14)
FN:166,(anonymous_15)
FN:169,(anonymous_16)
FN:172,(anonymous_17)
FN:175,(anonymous_18)
FNF:18
FNH:16
FNDA:24,(anonymous_1)
FNDA:13,(anonymous_2)
FNDA:20,(anonymous_3)
FNDA:6,(anonymous_4)
FNDA:21,(anonymous_5)
FNDA:4,(anonymous_6)
FNDA:2,(anonymous_7)
FNDA:2,(anonymous_8)
FNDA:1,(anonymous_9)
FNDA:2,(anonymous_10)
FNDA:2,(anonymous_11)
FNDA:6,(anonymous_12)
FNDA:3,(anonymous_13)
FNDA:5,(anonymous_14)
FNDA:1,(anonymous_15)
FNDA:1,(anonymous_16)
FNDA:0,(anonymous_17)
FNDA:0,(anonymous_18)
DA:9,1
DA:11,1
DA:21,1
DA:22,24
DA:23,24
DA:24,24
DA:25,24
DA:26,1
DA:27,1
DA:28,1
DA:34,1
DA:35,1
DA:36,1
DA:42,23
DA:43,23
DA:44,23
DA:50,23
DA:51,23
DA:52,23
DA:60,1
DA:61,13
DA:67,1
DA:68,20
DA:74,1
DA:75,6
DA:79,1
DA:80,21
DA:85,1
DA:86,4
DA:87,3
DA:89,1
DA:93,1
DA:94,2
DA:95,2
DA:96,2
DA:97,2
DA:98,2
DA:102,1
DA:103,2
DA:104,1
DA:106,1
DA:110,1
DA:111,1
DA:112,1
DA:113,1
DA:114,1
DA:118,1
DA:119,2
DA:120,1
DA:122,1
DA:123,1
DA:124,1
DA:125,1
DA:126,1
DA:127,1
DA:128,1
DA:133,1
DA:134,2
DA:135,1
DA:137,1
DA:138,1
DA:139,1
DA:140,1
DA:141,1
DA:142,1
DA:143,1
DA:148,1
DA:149,6
DA:152,1
DA:153,3
DA:154,3
DA:157,1
DA:158,5
DA:159,5
DA:160,5
DA:163,1
DA:164,1
DA:166,1
DA:167,1
DA:168,1
DA:170,1
DA:171,0
DA:172,0
DA:173,0
DA:174,0
DA:179,1
LF:86
LH:82
BRDA:25,1,0,1
BRDA:25,1,1,23
BRDA:86,2,0,3
BRDA:86,2,1,1
BRDA:103,3,0,1
BRDA:103,3,1,1
BRDA:119,4,0,1
BRDA:119,4,1,1
BRDA:119,5,0,2
BRDA:119,5,1,1
BRDA:134,6,0,1
BRDA:134,6,1,1
BRDA:134,7,0,2
BRDA:134,7,1,1
BRDA:170,8,0,0
BRDA:170,8,1,1
BRF:16
BRH:15
end_of_record
TN:
SF:/Users/feixu/Desktop/CMU-STUDY/CMU_courses/18652_FSE/SE_project/SEproject/S16-SV7-SSNoC/models/Directory.js
FN:15,(anonymous_1)
FN:20,(anonymous_2)
FN:22,(anonymous_3)
FN:31,(anonymous_4)
FN:42,(anonymous_5)
FN:44,(anonymous_6)
FN:51,(anonymous_7)
FN:56,(anonymous_8)
FN:62,(anonymous_9)
FN:71,(anonymous_10)
FN:72,(anonymous_11)
FNF:11
FNH:10
FNDA:1,(anonymous_1)
FNDA:1,(anonymous_2)
FNDA:0,(anonymous_3)
FNDA:10,(anonymous_4)
FNDA:2,(anonymous_5)
FNDA:3,(anonymous_6)
FNDA:4,(anonymous_7)
FNDA:2,(anonymous_8)
FNDA:5,(anonymous_9)
FNDA:1,(anonymous_10)
FNDA:1,(anonymous_11)
DA:9,1
DA:10,1
DA:11,1
DA:15,1
DA:16,1
DA:20,1
DA:21,1
DA:22,1
DA:23,0
DA:24,0
DA:31,1
DA:32,10
DA:33,16
DA:34,5
DA:35,5
DA:38,5
DA:42,1
DA:43,2
DA:44,2
DA:45,3
DA:47,2
DA:51,1
DA:52,4
DA:56,1
DA:57,2
DA:58,2
DA:62,1
DA:63,5
DA:68,1
DA:69,1
DA:70,1
DA:71,1
DA:72,1
DA:73,1
DA:74,1
DA:78,1
DA:79,1
DA:80,1
DA:81,1
DA:88,1
DA:90,1
LF:41
LH:39
BRDA:33,1,0,5
BRDA:33,1,1,11
BRDA:69,2,0,1
BRDA:69,2,1,0
BRDA:73,3,0,1
BRDA:73,3,1,0
BRF:6
BRH:4
end_of_record
TN:
SF:/Users/feixu/Desktop/CMU-STUDY/CMU_courses/18652_FSE/SE_project/SEproject/S16-SV7-SSNoC/models/Messages.js
FN:7,(anonymous_1)
FN:52,(anonymous_2)
FN:64,(anonymous_3)
FN:66,(anonymous_4)
FN:71,(anonymous_5)
FN:77,(anonymous_6)
FN:84,(anonymous_7)
FN:89,(anonymous_8)
FN:93,(anonymous_9)
FN:97,(anonymous_10)
FN:101,(anonymous_11)
FN:105,(anonymous_12)
FN:109,(anonymous_13)
FN:113,(anonymous_14)
FNF:14
FNH:14
FNDA:16,(anonymous_1)
FNDA:5,(anonymous_2)
FNDA:5,(anonymous_3)
FNDA:1,(anonymous_4)
FNDA:1,(anonymous_5)
FNDA:3,(anonymous_6)
FNDA:1,(anonymous_7)
FNDA:1,(anonymous_8)
FNDA:1,(anonymous_9)
FNDA:1,(anonymous_10)
FNDA:1,(anonymous_11)
FNDA:2,(anonymous_12)
FNDA:2,(anonymous_13)
FNDA:2,(anonymous_14)
DA:5,1
DA:7,1
DA:9,16
DA:10,6
DA:11,6
DA:12,6
DA:13,6
DA:14,6
DA:15,6
DA:16,2
DA:18,4
DA:20,6
DA:21,2
DA:23,4
DA:27,10
DA:28,5
DA:29,5
DA:30,5
DA:31,5
DA:32,5
DA:33,5
DA:34,0
DA:36,5
DA:38,5
DA:41,5
DA:42,5
DA:43,5
DA:44,5
DA:45,5
DA:46,5
DA:47,5
DA:48,5
DA:52,1
DA:53,5
DA:54,1
DA:56,4
DA:57,1
DA:59,3
DA:60,3
DA:64,1
DA:65,5
DA:66,1
DA:67,1
DA:70,4
DA:71,1
DA:72,1
DA:76,3
DA:77,3
DA:78,3
DA:84,1
DA:85,1
DA:89,1
DA:90,1
DA:93,1
DA:94,1
DA:97,1
DA:98,1
DA:101,1
DA:102,1
DA:105,1
DA:106,2
DA:109,1
DA:110,2
DA:113,1
DA:114,2
DA:117,1
LF:66
LH:65
BRDA:9,1,0,6
BRDA:9,1,1,10
BRDA:15,2,0,2
BRDA:15,2,1,4
BRDA:20,3,0,2
BRDA:20,3,1,4
BRDA:27,4,0,5
BRDA:27,4,1,5
BRDA:33,5,0,0
BRDA:33,5,1,5
BRDA:41,6,0,5
BRDA:41,6,1,0
BRDA:53,7,0,1
BRDA:53,7,1,4
BRDA:56,8,0,1
BRDA:56,8,1,3
BRDA:59,9,0,3
BRDA:59,9,1,0
BRDA:65,10,0,1
BRDA:65,10,1,4
BRDA:70,11,0,1
BRDA:70,11,1,3
BRDA:76,12,0,3
BRDA:76,12,1,0
BRF:24
BRH:20
end_of_record
